********************************************************************************
DUPLICATOR-LITE PACKAGE-LOG: December 24, 2020 2:11 pm
NOTICE: Do NOT post to public sites or forums 
********************************************************************************
VERSION:	1.3.40.1
WORDPRESS:	5.5.3
PHP INFO:	7.3.12 | SAPI: apache2handler
SERVER:		Apache/2.4.41 (Win64) PHP/7.3.12 
PHP TIME LIMIT: (0) no time limit imposed 
PHP MAX MEMORY: 4294967296 (256M default) 
MEMORY STACK: 2MB
[CTRL DUP ARCIVE] PACKAGE AS NEW ID 2 SAVED | STATUS:0
[DUP ARCHIVE] BUILDING DATABASE

********************************************************************************
DATABASE:
********************************************************************************
BUILD MODE:   PHP(query limit - 100)
MYSQLTIMEOUT: 5000
MYSQLDUMP:    Not Supported
TABLES: total:96 | filtered:0 | create:96
FILTERED: []
SQL CREATED: 20201216_designfoundrynextgendesign_8c9f221991e292a19235_20201224141038_database.sql
SQL FILE SIZE: 57.9MB (60715752)
SQL FILE TIME: 2020-12-24 14:11:10
SQL RUNTIME: 8.42 sec.
[DUP ARCHIVE] VALIDATING DATABASE
[DUP ARCHIVE] DONE DATABASE

********************************************************************************
ARCHIVE Type=DUP Mode=DupArchive
********************************************************************************
ARCHIVE DIR:  D:/wamp64/www/DesignFoundry
ARCHIVE FILE: 20201216_designfoundrynextgendesign_8c9f221991e292a19235_20201224141038_archive.daf
FILTERS: *ON*
DIRS:
	not set
FILES:
	not set
EXTS:  not set
----------------------------------------
COMPRESSING
SIZE:	0B
STATS:	Dirs 0 | Files 0 | Total 0
[DUP ARCHIVE] DONE ARCHIVE
building installer
add_extra_files1
add_extra_files2
add_extra_files3
add_extra_files4
Doing archive file check
add_extra_files5
add_extra_files6
add_extra_files7
add_extra_files_using_da1
Adding enhanced installer files to archive using DupArchive
[DUP ARCHIVE] DONE ARCHIVE
COMPRESSED SIZE: 16.91MB
ARCHIVE RUNTIME: 19.31 sec.
MEMORY STACK: 2MB
CREATE WARNINGS: No warnings.
VALIDATION WARNINGS: No warnings.
[DUP ARCHIVE] DONE ARCHIVE
[DUP ARCHIVE] HAS COMPLETED CLOSING
[DUP ARCHIVE] DUP ARCHIVE INTEGRITY CHECK

********************************************************************************
INTEGRITY CHECKS:
********************************************************************************
SQL FILE: 57.9MB
INSTALLER FILE: 75.17KB
ARCHIVE FILE: 16.91MB 
EXPECTED FILE/DIRECTORY COUNT: 183
ACTUAL FILE/DIRECTORY COUNT: 184

********************************************************************************
RECORD ID:[2]
TOTAL PROCESS RUNTIME: 19.32 sec.
PEAK PHP MEMORY USED: 2MB
DONE PROCESSING => 20201216_designfoundrynextgendesign 2020-12-24 14:11:21

